-------------------------------------------------------------------------------
Test set: com.bc.ct.CtOnlineRatingApplicationTests
-------------------------------------------------------------------------------
Tests run: 2, Failures: 0, Errors: 1, Skipped: 0, Time elapsed: 3.134 sec <<< FAILURE! - in com.bc.ct.CtOnlineRatingApplicationTests
testRead(com.bc.ct.CtOnlineRatingApplicationTests)  Time elapsed: 0.034 sec  <<< ERROR!
org.springframework.jdbc.CannotGetJdbcConnectionException: Could not get JDBC Connection; nested exception is java.sql.SQLException: Driver:org.h2.Driver@7f699122 returned null for URL:jdbc:ibm-u2://bouxtis03.bc.com/CT
	at org.apache.tomcat.jdbc.pool.PooledConnection.connectUsingDriver(PooledConnection.java:326)
	at org.apache.tomcat.jdbc.pool.PooledConnection.connect(PooledConnection.java:200)
	at org.apache.tomcat.jdbc.pool.ConnectionPool.createConnection(ConnectionPool.java:699)
	at org.apache.tomcat.jdbc.pool.ConnectionPool.borrowConnection(ConnectionPool.java:633)
	at org.apache.tomcat.jdbc.pool.ConnectionPool.init(ConnectionPool.java:484)
	at org.apache.tomcat.jdbc.pool.ConnectionPool.<init>(ConnectionPool.java:142)
	at org.apache.tomcat.jdbc.pool.DataSourceProxy.pCreatePool(DataSourceProxy.java:115)
	at org.apache.tomcat.jdbc.pool.DataSourceProxy.createPool(DataSourceProxy.java:102)
	at org.apache.tomcat.jdbc.pool.DataSourceProxy.getConnection(DataSourceProxy.java:126)
	at org.springframework.jdbc.datasource.DataSourceUtils.doGetConnection(DataSourceUtils.java:111)
	at org.springframework.jdbc.datasource.DataSourceUtils.getConnection(DataSourceUtils.java:77)
	at org.springframework.jdbc.core.JdbcTemplate.execute(JdbcTemplate.java:391)
	at org.springframework.jdbc.core.JdbcTemplate.query(JdbcTemplate.java:471)
	at org.springframework.jdbc.core.JdbcTemplate.query(JdbcTemplate.java:481)
	at com.bc.ct.repository.GeographyRepositoryImpl.testRead(GeographyRepositoryImpl.java:28)
	at com.bc.ct.repository.GeographyRepositoryImpl$$FastClassBySpringCGLIB$$577bf8df.invoke(<generated>)
	at org.springframework.cglib.proxy.MethodProxy.invoke(MethodProxy.java:204)
	at org.springframework.aop.framework.CglibAopProxy$CglibMethodInvocation.invokeJoinpoint(CglibAopProxy.java:717)
	at org.springframework.aop.framework.ReflectiveMethodInvocation.proceed(ReflectiveMethodInvocation.java:157)
	at org.springframework.dao.support.PersistenceExceptionTranslationInterceptor.invoke(PersistenceExceptionTranslationInterceptor.java:136)
	at org.springframework.aop.framework.ReflectiveMethodInvocation.proceed(ReflectiveMethodInvocation.java:179)
	at org.springframework.aop.framework.CglibAopProxy$DynamicAdvisedInterceptor.intercept(CglibAopProxy.java:653)
	at com.bc.ct.repository.GeographyRepositoryImpl$$EnhancerBySpringCGLIB$$edfd5f96.testRead(<generated>)
	at com.bc.ct.CtOnlineRatingApplicationTests.testRead(CtOnlineRatingApplicationTests.java:28)

